<?xml version="1.0" encoding="UTF-8" ?>
<testsuite tests="12" failures="5" name="core.CalculatorTest2" time="0.015" errors="0" skipped="0">
  <properties>
[...]
</properties>
  <testcase classname="core.CalculatorTest2" name="test_01_add_2" time="0.01">
    <failure message="Not Correct expected:&lt;215.0&gt; but was:&lt;350.0&gt;" type="java.lang.AssertionError">java.lang.AssertionError: Not Correct expected:&lt;215.0&gt; but was:&lt;350.0&gt;
	at org.junit.Assert.fail(Assert.java:88)
	at org.junit.Assert.failNotEquals(Assert.java:834)
	at org.junit.Assert.assertEquals(Assert.java:553)
	at core.CalculatorTest2.test_01_add_2(CalculatorTest2.java:11)
	at sun.reflect.NativeMethodAccessorImpl.invoke0(Native Method)
	at sun.reflect.NativeMethodAccessorImpl.invoke(NativeMethodAccessorImpl.java:62)
	at sun.reflect.DelegatingMethodAccessorImpl.invoke(DelegatingMethodAccessorImpl.java:43)
	at java.lang.reflect.Method.invoke(Method.java:498)
	at org.junit.runners.model.FrameworkMethod$1.runReflectiveCall(FrameworkMethod.java:50)
	at org.junit.internal.runners.model.ReflectiveCallable.run(ReflectiveCallable.java:12)
	at org.junit.runners.model.FrameworkMethod.invokeExplosively(FrameworkMethod.java:47)
	at org.junit.internal.runners.statements.InvokeMethod.evaluate(InvokeMethod.java:17)
	at org.junit.internal.runners.statements.FailOnTimeout$CallableStatement.call(FailOnTimeout.java:298)
	at org.junit.internal.runners.statements.FailOnTimeout$CallableStatement.call(FailOnTimeout.java:292)
	at java.util.concurrent.FutureTask.run(FutureTask.java:266)
	at java.lang.Thread.run(Thread.java:748)
</failure>
    <system-out>Test # 01: add 2 parameters
</system-out>
  </testcase>
  <testcase classname="core.CalculatorTest2" name="test_02_add_3" time="0"/>
  <testcase classname="core.CalculatorTest2" name="test_03_add_4" time="0.001">
    <failure message="Not Correct expected:&lt;875.0&gt; but was:&lt;1100.0&gt;" type="java.lang.AssertionError">java.lang.AssertionError: Not Correct expected:&lt;875.0&gt; but was:&lt;1100.0&gt;
	at org.junit.Assert.fail(Assert.java:88)
	at org.junit.Assert.failNotEquals(Assert.java:834)
	at org.junit.Assert.assertEquals(Assert.java:553)
	at core.CalculatorTest2.test_03_add_4(CalculatorTest2.java:19)
	at sun.reflect.NativeMethodAccessorImpl.invoke0(Native Method)
	at sun.reflect.NativeMethodAccessorImpl.invoke(NativeMethodAccessorImpl.java:62)
	at sun.reflect.DelegatingMethodAccessorImpl.invoke(DelegatingMethodAccessorImpl.java:43)
	at java.lang.reflect.Method.invoke(Method.java:498)
	at org.junit.runners.model.FrameworkMethod$1.runReflectiveCall(FrameworkMethod.java:50)
	at org.junit.internal.runners.model.ReflectiveCallable.run(ReflectiveCallable.java:12)
	at org.junit.runners.model.FrameworkMethod.invokeExplosively(FrameworkMethod.java:47)
	at org.junit.internal.runners.statements.InvokeMethod.evaluate(InvokeMethod.java:17)
	at org.junit.internal.runners.statements.FailOnTimeout$CallableStatement.call(FailOnTimeout.java:298)
	at org.junit.internal.runners.statements.FailOnTimeout$CallableStatement.call(FailOnTimeout.java:292)
	at java.util.concurrent.FutureTask.run(FutureTask.java:266)
	at java.lang.Thread.run(Thread.java:748)
</failure>
    <system-out>Test # 03: add 4 parameters
</system-out>
  </testcase>
  <testcase classname="core.CalculatorTest2" name="test_04_divide_2" time="0"/>
  <testcase classname="core.CalculatorTest2" name="test_05_divide_3" time="0"/>
  <testcase classname="core.CalculatorTest2" name="test_06_divide_4" time="0.001">
    <failure message="Not Correct expected:&lt;8.333333333333334&gt; but was:&lt;10.0&gt;" type="java.lang.AssertionError">java.lang.AssertionError: Not Correct expected:&lt;8.333333333333334&gt; but was:&lt;10.0&gt;
	at org.junit.Assert.fail(Assert.java:88)
	at org.junit.Assert.failNotEquals(Assert.java:834)
	at org.junit.Assert.assertEquals(Assert.java:553)
	at core.CalculatorTest2.test_06_divide_4(CalculatorTest2.java:31)
	at sun.reflect.NativeMethodAccessorImpl.invoke0(Native Method)
	at sun.reflect.NativeMethodAccessorImpl.invoke(NativeMethodAccessorImpl.java:62)
	at sun.reflect.DelegatingMethodAccessorImpl.invoke(DelegatingMethodAccessorImpl.java:43)
	at java.lang.reflect.Method.invoke(Method.java:498)
	at org.junit.runners.model.FrameworkMethod$1.runReflectiveCall(FrameworkMethod.java:50)
	at org.junit.internal.runners.model.ReflectiveCallable.run(ReflectiveCallable.java:12)
	at org.junit.runners.model.FrameworkMethod.invokeExplosively(FrameworkMethod.java:47)
	at org.junit.internal.runners.statements.InvokeMethod.evaluate(InvokeMethod.java:17)
	at org.junit.internal.runners.statements.FailOnTimeout$CallableStatement.call(FailOnTimeout.java:298)
	at org.junit.internal.runners.statements.FailOnTimeout$CallableStatement.call(FailOnTimeout.java:292)
	at java.util.concurrent.FutureTask.run(FutureTask.java:266)
	at java.lang.Thread.run(Thread.java:748)
</failure>
    <system-out>Test # 06: divide 4 parameters
</system-out>
  </testcase>
  <testcase classname="core.CalculatorTest2" name="test_07_multiply_2" time="0.001"/>
  <testcase classname="core.CalculatorTest2" name="test_08_multiply_3" time="0">
    <failure message="Not Correct expected:&lt;120.0&gt; but was:&lt;12.0&gt;" type="java.lang.AssertionError">java.lang.AssertionError: Not Correct expected:&lt;120.0&gt; but was:&lt;12.0&gt;
	at org.junit.Assert.fail(Assert.java:88)
	at org.junit.Assert.failNotEquals(Assert.java:834)
	at org.junit.Assert.assertEquals(Assert.java:553)
	at core.CalculatorTest2.test_08_multiply_3(CalculatorTest2.java:39)
	at sun.reflect.NativeMethodAccessorImpl.invoke0(Native Method)
	at sun.reflect.NativeMethodAccessorImpl.invoke(NativeMethodAccessorImpl.java:62)
	at sun.reflect.DelegatingMethodAccessorImpl.invoke(DelegatingMethodAccessorImpl.java:43)
	at java.lang.reflect.Method.invoke(Method.java:498)
	at org.junit.runners.model.FrameworkMethod$1.runReflectiveCall(FrameworkMethod.java:50)
	at org.junit.internal.runners.model.ReflectiveCallable.run(ReflectiveCallable.java:12)
	at org.junit.runners.model.FrameworkMethod.invokeExplosively(FrameworkMethod.java:47)
	at org.junit.internal.runners.statements.InvokeMethod.evaluate(InvokeMethod.java:17)
	at org.junit.internal.runners.statements.FailOnTimeout$CallableStatement.call(FailOnTimeout.java:298)
	at org.junit.internal.runners.statements.FailOnTimeout$CallableStatement.call(FailOnTimeout.java:292)
	at java.util.concurrent.FutureTask.run(FutureTask.java:266)
	at java.lang.Thread.run(Thread.java:748)
</failure>
    <system-out>Test # 08: multiply 3 parameters
</system-out>
  </testcase>
  <testcase classname="core.CalculatorTest2" name="test_09_multiply_4" time="0"/>
  <testcase classname="core.CalculatorTest2" name="test_10_subtract_2" time="0"/>
  <testcase classname="core.CalculatorTest2" name="test_11_subtract_3" time="0.001"/>
  <testcase classname="core.CalculatorTest2" name="test_12_subtract_4" time="0.001">
    <failure message="Not Correct expected:&lt;1.0&gt; but was:&lt;2.0&gt;" type="java.lang.AssertionError">java.lang.AssertionError: Not Correct expected:&lt;1.0&gt; but was:&lt;2.0&gt;
	at org.junit.Assert.fail(Assert.java:88)
	at org.junit.Assert.failNotEquals(Assert.java:834)
	at org.junit.Assert.assertEquals(Assert.java:553)
	at core.CalculatorTest2.test_12_subtract_4(CalculatorTest2.java:55)
	at sun.reflect.NativeMethodAccessorImpl.invoke0(Native Method)
	at sun.reflect.NativeMethodAccessorImpl.invoke(NativeMethodAccessorImpl.java:62)
	at sun.reflect.DelegatingMethodAccessorImpl.invoke(DelegatingMethodAccessorImpl.java:43)
	at java.lang.reflect.Method.invoke(Method.java:498)
	at org.junit.runners.model.FrameworkMethod$1.runReflectiveCall(FrameworkMethod.java:50)
	at org.junit.internal.runners.model.ReflectiveCallable.run(ReflectiveCallable.java:12)
	at org.junit.runners.model.FrameworkMethod.invokeExplosively(FrameworkMethod.java:47)
	at org.junit.internal.runners.statements.InvokeMethod.evaluate(InvokeMethod.java:17)
	at org.junit.internal.runners.statements.FailOnTimeout$CallableStatement.call(FailOnTimeout.java:298)
	at org.junit.internal.runners.statements.FailOnTimeout$CallableStatement.call(FailOnTimeout.java:292)
	at java.util.concurrent.FutureTask.run(FutureTask.java:266)
	at java.lang.Thread.run(Thread.java:748)
</failure>
    <system-out>Test # 12: subtract 4 parameters
</system-out>
  </testcase>
</testsuite>